<?xml version="1.0" encoding="UTF-8"?>
<!-- Generated by org.testng.reporters.JUnitXMLReporter -->
<testsuite hostname="kanha-PC" name="testone" tests="1" failures="0" timestamp="9 Jan 2017 19:20:41 GMT" time="5.067" errors="0">
  <testcase name="@BeforeMethod setup" time="0.0" classname="com.framework.testCases.TestCases">
    <failure type="java.lang.NoClassDefFoundError" message="org/openqa/selenium/remote/SessionNotFoundException">
      <![CDATA[java.lang.NoClassDefFoundError: org/openqa/selenium/remote/SessionNotFoundException
	at com.framework.pageFactory.TestBase.setup(TestBase.java:51)
Caused by: java.lang.ClassNotFoundException: org.openqa.selenium.remote.SessionNotFoundException
	at java.net.URLClassLoader.findClass(Unknown Source)
	at java.lang.ClassLoader.loadClass(Unknown Source)
	at sun.misc.Launcher$AppClassLoader.loadClass(Unknown Source)
	at java.lang.ClassLoader.loadClass(Unknown Source)
	... 27 more
... Removed 26 stack frames]]>
    </failure>
  </testcase> <!-- @BeforeMethod setup -->
  <testcase name="@AfterMethod teardown" time="0.0" classname="com.framework.testCases.TestCases">
    <failure type="java.lang.NullPointerException">
      <![CDATA[java.lang.NullPointerException
	at com.framework.pageFactory.TestBase.teardown(TestBase.java:63)
... Removed 26 stack frames]]>
    </failure>
  </testcase> <!-- @AfterMethod teardown -->
  <testcase name="TC002_fassured_validation" time="0.004" classname="com.framework.testCases.TestCases">
    <skipped/>
  </testcase> <!-- TC002_fassured_validation -->
</testsuite> <!-- testone -->
